[11:05] [INFO] System started
[09:15] [ERROR] Failed to open database
[10:45] [INFO] User login successful
[12:10] [WARNING] High memory usage
[08:50] [INFO] Initialization complete
[11:30] [ERROR] Disk write failure
[13:00] [INFO] Connection re-established
[09:35] [WARNING] Deprecated API used
[10:05] [ERROR] Missing configuration key
[12:15] [INFO] Scheduled backup started
[14:00] [WARNING] Network latency high
[10:30] [INFO] Security check passed
[13:45] [ERROR] Timeout while accessing server
[08:00] [INFO] Boot complete
[15:20] [INFO] Update check complete
[14:10] [WARNING] CPU temp critical
[13:20] [INFO] Auto-restart service initialized
[09:05] [ERROR] Invalid password attempt
[12:50] [INFO] Cron job executed
[10:15] [WARNING] Cache size exceeded
[15:10] [INFO] Session restored
[11:50] [ERROR] Permission denied
[09:25] [INFO] Diagnostic run complete
[08:30] [WARNING] USB device not recognized
[13:10] [INFO] Network handshake completed
[14:30] [ERROR] System overload detected
[15:00] [INFO] Data sync started
[09:55] [WARNING] Disk nearing full
[08:10] [INFO] Environment check OK
[11:10] [INFO] Session saved
[12:05] [ERROR] Memory allocation failed
[14:50] [INFO] Process monitor active
[13:55] [INFO] Remote access granted
[09:45] [WARNING] Battery low
[10:50] [ERROR] Application crashed
[12:25] [INFO] All systems nominal
[15:25] [WARNING] Retry limit reached
[08:45] [INFO] Update downloaded
[11:20] [ERROR] Invalid response code
[14:20] [INFO] Background service started
[13:30] [WARNING] Unexpected shutdown
[10:10] [INFO] Log rotation completed
[12:40] [WARNING] Memory leak detected
[09:10] [INFO] File system mounted
[15:30] [INFO] Auto shutdown engaged
[14:45] [ERROR] Stack overflow
[13:15] [INFO] Watchdog reset
[08:20] [WARNING] DNS resolution failed
[09:30] [INFO] Configuration loaded
[12:00] [INFO] User logout detected
[10:40] [WARNING] Too many open files
[11:25] [INFO] SSL handshake complete
[14:05] [ERROR] Uncaught exception
[08:40] [INFO] Bootloader verified
[09:50] [INFO] Local server started
[13:25] [WARNING] Service deprecated
[14:55] [INFO] Job queue cleared
[10:35] [INFO] Certificate renewed
[11:40] [ERROR] API rate limit exceeded
[12:30] [INFO] Maintenance mode entered
[09:40] [WARNING] Time drift detected
[15:05] [INFO] Cleanup routine triggered
[08:25] [ERROR] Device I/O error
[10:00] [INFO] Process forked
[11:45] [INFO] Task complete
[13:35] [INFO] New device registered
[14:25] [WARNING] Low virtual memory
[15:35] [ERROR] Kernel panic occurred
[08:35] [INFO] Power supply stable
[12:45] [WARNING] Load average high
[10:25] [INFO] Scheduled scan started
[09:20] [ERROR] Access token expired
[11:00] [INFO] Pre-check completed
[14:35] [INFO] Job scheduled
[13:40] [ERROR] Timeout waiting for lock
[08:55] [INFO] License validated
[09:15] [WARNING] Queue backup stalled
[15:15] [INFO] Metrics updated
[10:20] [INFO] Restart signal received
[11:35] [INFO] Sync complete
[12:20] [WARNING] Log size exceeded
[14:40] [INFO] Internal timer reset
[13:05] [ERROR] Heap corruption detected
[09:05] [INFO] File permissions updated
[08:15] [WARNING] Display resolution invalid
[10:55] [INFO] Auth token renewed
[11:15] [ERROR] Service timeout
[15:40] [INFO] Server shutting down
[09:00] [INFO] Scheduled task received
[10:45] [WARNING] Temporary file not deleted
[12:35] [INFO] Daemon process detached
[13:50] [INFO] Database cleanup started
[14:15] [WARNING] Virtual device unresponsive
[08:05] [INFO] BIOS check complete
[15:45] [ERROR] Deadlock detected
[09:35] [INFO] Backup finished
[12:55] [INFO] Archiving files
[10:05] [WARNING] Key mismatch detected
[13:00] [ERROR] Sync conflict
[14:50] [INFO] Monitoring agent started
